<?xml version="1.0" encoding="UTF-8"?>
<testsuite name="practical1.NumberToolsTest" tests="2" skipped="0" failures="0" errors="0" timestamp="2023-10-11T09:21:01" hostname="MSI" time="0.042">
  <properties/>
  <testcase name="testParse" classname="practical1.NumberToolsTest" time="0.013"/>
  <testcase name="testComputeStatistic" classname="practical1.NumberToolsTest" time="0.027"/>
  <system-out><![CDATA[]]></system-out>
  <system-err><![CDATA[]]></system-err>
</testsuite>
